<?xml version="1.0" encoding="UTF-8"?>
<testsuite name="RPSTest" tests="6" skipped="0" failures="0" errors="0" timestamp="2016-04-20T18:47:31" hostname="epicodus-115.local" time="0.002">
  <properties/>
  <testcase name="playerValue_rockBeatsPaper_playerOne_1" classname="RPSTest" time="0.001"/>
  <testcase name="playerValue_rockBeatsScissors_playerOne_1" classname="RPSTest" time="0.0"/>
  <testcase name="playerValue_rockBeatsScissors_playerTwo_2" classname="RPSTest" time="0.0"/>
  <testcase name="playerValue_paperBeatsScissors_playerOne_1" classname="RPSTest" time="0.0"/>
  <testcase name="playerValue_scissorsBeatspaper_playerTwo_2" classname="RPSTest" time="0.0"/>
  <testcase name="playerValue_paperBeatsrock_playerTwo_2" classname="RPSTest" time="0.0"/>
  <system-out><![CDATA[]]></system-out>
  <system-err><![CDATA[]]></system-err>
</testsuite>
